<?xml version="1.0" encoding="UTF-8"?>
<!-- Generated by org.testng.reporters.JUnitReportReporter -->
<testsuite skipped="0" hostname="LAPTOP-LLJ9G6P7" name="com.SeleniumTestFramwork.testCases.TC1_Logintest" tests="1" failures="0" timestamp="2021-09-11T20:21:29 IST" time="1.557" errors="0">
  <testcase name="Logintest" time="1.557" classname="com.SeleniumTestFramwork.testCases.TC1_Logintest"/>
  <system-out/>
</testsuite> <!-- com.SeleniumTestFramwork.testCases.TC1_Logintest -->
