<?xml version="1.0" encoding="UTF-8"?>
<!-- Generated by org.testng.reporters.JUnitReportReporter -->
<testsuite skipped="0" hostname="LAPTOP-LLJ9G6P7" name="com.SeleniumTestFramwork.testCases.TC3_AddCustomer" tests="1" failures="0" timestamp="2021-09-11T20:36:18 IST" time="30.904" errors="0">
  <testcase name="fn_AddCustomerDetails" time="30.904" classname="com.SeleniumTestFramwork.testCases.TC3_AddCustomer"/>
  <system-out/>
</testsuite> <!-- com.SeleniumTestFramwork.testCases.TC3_AddCustomer -->
